This file contains any messages produced by compilers while
running configure, to aid debugging if configure makes a mistake.

It was created by sisg-mcmc-computer-demos configure 2.0, which was
generated by GNU Autoconf 2.69.  Invocation command line was

  $ ./configure --without-x --no-create --no-recursion

## --------- ##
## Platform. ##
## --------- ##

hostname = theseus.nmfs.local
uname -m = x86_64
uname -r = 13.1.0
uname -s = Darwin
uname -v = Darwin Kernel Version 13.1.0: Wed Apr  2 23:52:02 PDT 2014; root:xnu-2422.92.1~2/RELEASE_X86_64

/usr/bin/uname -p = i386
/bin/uname -X     = unknown

/bin/arch              = unknown
/usr/bin/arch -k       = unknown
/usr/convex/getsysinfo = unknown
/usr/bin/hostinfo      = Mach kernel version:
	 Darwin Kernel Version 13.1.0: Wed Apr  2 23:52:02 PDT 2014; root:xnu-2422.92.1~2/RELEASE_X86_64
Kernel configured for up to 2 processors.
2 processors are physically available.
2 processors are logically available.
Processor type: i486 (Intel 80486)
Processors active: 0 1
Primary memory available: 4.00 gigabytes
Default processor set: 202 tasks, 886 threads, 2 processors
Load average: 2.01, Mach factor: 0.25
/bin/machine           = unknown
/usr/bin/oslevel       = unknown
/bin/universe          = unknown

PATH: /opt/local/bin
PATH: /opt/local/sbin
PATH: /opt/local/bin
PATH: /opt/local/sbin
PATH: /opt/subversion/bin
PATH: /opt/mingw/bin
PATH: /usr/bin
PATH: /bin
PATH: /usr/sbin
PATH: /sbin
PATH: /usr/local/bin
PATH: /opt/X11/bin
PATH: /usr/local/git/bin
PATH: /usr/texbin
PATH: /usr/local/bin
PATH: /usr/local/lib
PATH: /usr/X11R6/bin
PATH: /usr/X11R6/lib
PATH: /usr/X11R6/include/X11
PATH: /usr/bin
PATH: /bin
PATH: /usr/local/sbin
PATH: /usr/sbin
PATH: /sbin
PATH: /usr/lib
PATH: /usr/local/squid/bin
PATH: /Users/eriq/bin
PATH: /Users/eriq/.myaliases
PATH: .
PATH: /Users/eriq/Documents/eca_code/DISTS/distscripts
PATH: /Users/eriq/Documents/eca_code/PRwP/scripts
PATH: /Users/eriq/Documents/eca_code/PRwP/testscripts


## ----------- ##
## Core tests. ##
## ----------- ##

configure:2269: checking for a BSD-compatible install
configure:2337: result: /usr/bin/install -c
configure:2348: checking whether build environment is sane
configure:2403: result: yes
configure:2554: checking for a thread-safe mkdir -p
configure:2593: result: ./install-sh -c -d
configure:2600: checking for gawk
configure:2630: result: no
configure:2600: checking for mawk
configure:2630: result: no
configure:2600: checking for nawk
configure:2630: result: no
configure:2600: checking for awk
configure:2616: found /usr/bin/awk
configure:2627: result: awk
configure:2638: checking whether make sets $(MAKE)
configure:2660: result: yes
configure:2689: checking whether make supports nested variables
configure:2706: result: yes
configure:2835: checking build system type
configure:2849: result: x86_64-apple-darwin13.1.0
configure:2869: checking host system type
configure:2882: result: x86_64-apple-darwin13.1.0
configure:2914: checking for style of include used by make
configure:2942: result: GNU
configure:3013: checking for gcc
configure:3029: found /usr/bin/gcc
configure:3040: result: gcc
configure:3269: checking for C compiler version
configure:3278: gcc --version >&5
Apple LLVM version 5.1 (clang-503.0.40) (based on LLVM 3.4svn)
Target: x86_64-apple-darwin13.1.0
Thread model: posix
Configured with: --prefix=/Applications/Xcode.app/Contents/Developer/usr --with-gxx-include-dir=/usr/include/c++/4.2.1
configure:3289: $? = 0
configure:3278: gcc -v >&5
Configured with: --prefix=/Applications/Xcode.app/Contents/Developer/usr --with-gxx-include-dir=/usr/include/c++/4.2.1
Apple LLVM version 5.1 (clang-503.0.40) (based on LLVM 3.4svn)
Target: x86_64-apple-darwin13.1.0
Thread model: posix
configure:3289: $? = 0
configure:3278: gcc -V >&5
clang: error: argument to '-V' is missing (expected 1 value)
clang: error: no input files
configure:3289: $? = 1
configure:3278: gcc -qversion >&5
clang: error: unknown argument: '-qversion' [-Wunused-command-line-argument-hard-error-in-future]
clang: note: this will be a hard error (cannot be downgraded to a warning) in the future
clang: error: no input files
configure:3289: $? = 1
configure:3309: checking whether the C compiler works
configure:3331: gcc    conftest.c  >&5
configure:3335: $? = 0
configure:3383: result: yes
configure:3386: checking for C compiler default output file name
configure:3388: result: a.out
configure:3394: checking for suffix of executables
configure:3401: gcc -o conftest    conftest.c  >&5
configure:3405: $? = 0
configure:3427: result: 
configure:3449: checking whether we are cross compiling
configure:3457: gcc -o conftest    conftest.c  >&5
configure:3461: $? = 0
configure:3468: ./conftest
configure:3472: $? = 0
configure:3487: result: no
configure:3492: checking for suffix of object files
configure:3514: gcc -c   conftest.c >&5
configure:3518: $? = 0
configure:3539: result: o
configure:3543: checking whether we are using the GNU C compiler
configure:3562: gcc -c   conftest.c >&5
configure:3562: $? = 0
configure:3571: result: yes
configure:3580: checking whether gcc accepts -g
configure:3600: gcc -c -g  conftest.c >&5
configure:3600: $? = 0
configure:3641: result: yes
configure:3658: checking for gcc option to accept ISO C89
configure:3721: gcc  -c -g -O2  conftest.c >&5
configure:3721: $? = 0
configure:3734: result: none needed
configure:3759: checking whether gcc understands -c and -o together
configure:3781: gcc -c conftest.c -o conftest2.o
configure:3784: $? = 0
configure:3781: gcc -c conftest.c -o conftest2.o
configure:3784: $? = 0
configure:3796: result: yes
configure:3815: checking dependency style of gcc
configure:3926: result: gcc3
configure:3947: checking how to run the C preprocessor
configure:3978: gcc -E  conftest.c
configure:3978: $? = 0
configure:3992: gcc -E  conftest.c
conftest.c:11:10: fatal error: 'ac_nonexistent.h' file not found
#include <ac_nonexistent.h>
         ^
1 error generated.
configure:3992: $? = 1
configure: failed program was:
| /* confdefs.h */
| #define PACKAGE_NAME "sisg-mcmc-computer-demos"
| #define PACKAGE_TARNAME "sisg-mcmc-computer-demos"
| #define PACKAGE_VERSION "2.0"
| #define PACKAGE_STRING "sisg-mcmc-computer-demos 2.0"
| #define PACKAGE_BUGREPORT ""
| #define PACKAGE_URL ""
| #define PACKAGE "sisg-mcmc-computer-demos"
| #define VERSION "2.0"
| /* end confdefs.h.  */
| #include <ac_nonexistent.h>
configure:4017: result: gcc -E
configure:4037: gcc -E  conftest.c
configure:4037: $? = 0
configure:4051: gcc -E  conftest.c
conftest.c:11:10: fatal error: 'ac_nonexistent.h' file not found
#include <ac_nonexistent.h>
         ^
1 error generated.
configure:4051: $? = 1
configure: failed program was:
| /* confdefs.h */
| #define PACKAGE_NAME "sisg-mcmc-computer-demos"
| #define PACKAGE_TARNAME "sisg-mcmc-computer-demos"
| #define PACKAGE_VERSION "2.0"
| #define PACKAGE_STRING "sisg-mcmc-computer-demos 2.0"
| #define PACKAGE_BUGREPORT ""
| #define PACKAGE_URL ""
| #define PACKAGE "sisg-mcmc-computer-demos"
| #define VERSION "2.0"
| /* end confdefs.h.  */
| #include <ac_nonexistent.h>
configure:4080: checking for X
configure:4258: result: disabled
configure:4273: checking for a sed that does not truncate output
configure:4337: result: /usr/bin/sed
configure:4342: checking for grep that handles long lines and -e
configure:4400: result: /usr/bin/grep
configure:4405: checking for egrep
configure:4467: result: /usr/bin/grep -E
configure:4472: checking for ANSI C header files
configure:4492: gcc -c -g -O2  conftest.c >&5
configure:4492: $? = 0
configure:4565: gcc -o conftest -g -O2   conftest.c  >&5
configure:4565: $? = 0
configure:4565: ./conftest
configure:4565: $? = 0
configure:4576: result: yes
configure:4589: checking for sys/types.h
configure:4589: gcc -c -g -O2  conftest.c >&5
configure:4589: $? = 0
configure:4589: result: yes
configure:4589: checking for sys/stat.h
configure:4589: gcc -c -g -O2  conftest.c >&5
configure:4589: $? = 0
configure:4589: result: yes
configure:4589: checking for stdlib.h
configure:4589: gcc -c -g -O2  conftest.c >&5
configure:4589: $? = 0
configure:4589: result: yes
configure:4589: checking for string.h
configure:4589: gcc -c -g -O2  conftest.c >&5
configure:4589: $? = 0
configure:4589: result: yes
configure:4589: checking for memory.h
configure:4589: gcc -c -g -O2  conftest.c >&5
configure:4589: $? = 0
configure:4589: result: yes
configure:4589: checking for strings.h
configure:4589: gcc -c -g -O2  conftest.c >&5
configure:4589: $? = 0
configure:4589: result: yes
configure:4589: checking for inttypes.h
configure:4589: gcc -c -g -O2  conftest.c >&5
configure:4589: $? = 0
configure:4589: result: yes
configure:4589: checking for stdint.h
configure:4589: gcc -c -g -O2  conftest.c >&5
configure:4589: $? = 0
configure:4589: result: yes
configure:4589: checking for unistd.h
configure:4589: gcc -c -g -O2  conftest.c >&5
configure:4589: $? = 0
configure:4589: result: yes
configure:4608: checking whether we are using the Microsoft C compiler
configure:4627: gcc -c -g -O2  conftest.c >&5
conftest.c:26:8: error: use of undeclared identifier 'choke'
       choke me
       ^
1 error generated.
configure:4627: $? = 1
configure: failed program was:
| /* confdefs.h */
| #define PACKAGE_NAME "sisg-mcmc-computer-demos"
| #define PACKAGE_TARNAME "sisg-mcmc-computer-demos"
| #define PACKAGE_VERSION "2.0"
| #define PACKAGE_STRING "sisg-mcmc-computer-demos 2.0"
| #define PACKAGE_BUGREPORT ""
| #define PACKAGE_URL ""
| #define PACKAGE "sisg-mcmc-computer-demos"
| #define VERSION "2.0"
| #define STDC_HEADERS 1
| #define HAVE_SYS_TYPES_H 1
| #define HAVE_SYS_STAT_H 1
| #define HAVE_STDLIB_H 1
| #define HAVE_STRING_H 1
| #define HAVE_MEMORY_H 1
| #define HAVE_STRINGS_H 1
| #define HAVE_INTTYPES_H 1
| #define HAVE_STDINT_H 1
| #define HAVE_UNISTD_H 1
| /* end confdefs.h.  */
| 
| int
| main ()
| {
| #ifndef _MSC_VER
|        choke me
| #endif
| 
|   ;
|   return 0;
| }
configure:4636: result: no
configure:4649: checking windows.h usability
configure:4649: gcc -c -g -O2  conftest.c >&5
conftest.c:54:10: fatal error: 'windows.h' file not found
#include <windows.h>
         ^
1 error generated.
configure:4649: $? = 1
configure: failed program was:
| /* confdefs.h */
| #define PACKAGE_NAME "sisg-mcmc-computer-demos"
| #define PACKAGE_TARNAME "sisg-mcmc-computer-demos"
| #define PACKAGE_VERSION "2.0"
| #define PACKAGE_STRING "sisg-mcmc-computer-demos 2.0"
| #define PACKAGE_BUGREPORT ""
| #define PACKAGE_URL ""
| #define PACKAGE "sisg-mcmc-computer-demos"
| #define VERSION "2.0"
| #define STDC_HEADERS 1
| #define HAVE_SYS_TYPES_H 1
| #define HAVE_SYS_STAT_H 1
| #define HAVE_STDLIB_H 1
| #define HAVE_STRING_H 1
| #define HAVE_MEMORY_H 1
| #define HAVE_STRINGS_H 1
| #define HAVE_INTTYPES_H 1
| #define HAVE_STDINT_H 1
| #define HAVE_UNISTD_H 1
| /* end confdefs.h.  */
| #include <stdio.h>
| #ifdef HAVE_SYS_TYPES_H
| # include <sys/types.h>
| #endif
| #ifdef HAVE_SYS_STAT_H
| # include <sys/stat.h>
| #endif
| #ifdef STDC_HEADERS
| # include <stdlib.h>
| # include <stddef.h>
| #else
| # ifdef HAVE_STDLIB_H
| #  include <stdlib.h>
| # endif
| #endif
| #ifdef HAVE_STRING_H
| # if !defined STDC_HEADERS && defined HAVE_MEMORY_H
| #  include <memory.h>
| # endif
| # include <string.h>
| #endif
| #ifdef HAVE_STRINGS_H
| # include <strings.h>
| #endif
| #ifdef HAVE_INTTYPES_H
| # include <inttypes.h>
| #endif
| #ifdef HAVE_STDINT_H
| # include <stdint.h>
| #endif
| #ifdef HAVE_UNISTD_H
| # include <unistd.h>
| #endif
| #include <windows.h>
configure:4649: result: no
configure:4649: checking windows.h presence
configure:4649: gcc -E  conftest.c
conftest.c:21:10: fatal error: 'windows.h' file not found
#include <windows.h>
         ^
1 error generated.
configure:4649: $? = 1
configure: failed program was:
| /* confdefs.h */
| #define PACKAGE_NAME "sisg-mcmc-computer-demos"
| #define PACKAGE_TARNAME "sisg-mcmc-computer-demos"
| #define PACKAGE_VERSION "2.0"
| #define PACKAGE_STRING "sisg-mcmc-computer-demos 2.0"
| #define PACKAGE_BUGREPORT ""
| #define PACKAGE_URL ""
| #define PACKAGE "sisg-mcmc-computer-demos"
| #define VERSION "2.0"
| #define STDC_HEADERS 1
| #define HAVE_SYS_TYPES_H 1
| #define HAVE_SYS_STAT_H 1
| #define HAVE_STDLIB_H 1
| #define HAVE_STRING_H 1
| #define HAVE_MEMORY_H 1
| #define HAVE_STRINGS_H 1
| #define HAVE_INTTYPES_H 1
| #define HAVE_STDINT_H 1
| #define HAVE_UNISTD_H 1
| /* end confdefs.h.  */
| #include <windows.h>
configure:4649: result: no
configure:4649: checking for windows.h
configure:4649: result: no
configure:4665: checking for GL/gl.h
configure:4665: gcc -c -g -O2   conftest.c >&5
conftest.c:27:10: fatal error: 'GL/gl.h' file not found
#include <GL/gl.h>
         ^
1 error generated.
configure:4665: $? = 1
configure: failed program was:
| /* confdefs.h */
| #define PACKAGE_NAME "sisg-mcmc-computer-demos"
| #define PACKAGE_TARNAME "sisg-mcmc-computer-demos"
| #define PACKAGE_VERSION "2.0"
| #define PACKAGE_STRING "sisg-mcmc-computer-demos 2.0"
| #define PACKAGE_BUGREPORT ""
| #define PACKAGE_URL ""
| #define PACKAGE "sisg-mcmc-computer-demos"
| #define VERSION "2.0"
| #define STDC_HEADERS 1
| #define HAVE_SYS_TYPES_H 1
| #define HAVE_SYS_STAT_H 1
| #define HAVE_STDLIB_H 1
| #define HAVE_STRING_H 1
| #define HAVE_MEMORY_H 1
| #define HAVE_STRINGS_H 1
| #define HAVE_INTTYPES_H 1
| #define HAVE_STDINT_H 1
| #define HAVE_UNISTD_H 1
| /* end confdefs.h.  */
| 
| # if defined(HAVE_WINDOWS_H) && defined(_WIN32)
| #   include <windows.h>
| # endif
| 
| 
| #include <GL/gl.h>
configure:4665: result: no
configure:4665: checking for OpenGL/gl.h
configure:4665: gcc -c -g -O2   conftest.c >&5
configure:4665: $? = 0
configure:4665: result: yes
configure:4686: checking for OpenGL library
configure:4733: gcc -o conftest -g -O2     conftest.c -lopengl32  >&5
ld: library not found for -lopengl32
clang: error: linker command failed with exit code 1 (use -v to see invocation)
configure:4733: $? = 1
configure: failed program was:
| /* confdefs.h */
| #define PACKAGE_NAME "sisg-mcmc-computer-demos"
| #define PACKAGE_TARNAME "sisg-mcmc-computer-demos"
| #define PACKAGE_VERSION "2.0"
| #define PACKAGE_STRING "sisg-mcmc-computer-demos 2.0"
| #define PACKAGE_BUGREPORT ""
| #define PACKAGE_URL ""
| #define PACKAGE "sisg-mcmc-computer-demos"
| #define VERSION "2.0"
| #define STDC_HEADERS 1
| #define HAVE_SYS_TYPES_H 1
| #define HAVE_SYS_STAT_H 1
| #define HAVE_STDLIB_H 1
| #define HAVE_STRING_H 1
| #define HAVE_MEMORY_H 1
| #define HAVE_STRINGS_H 1
| #define HAVE_INTTYPES_H 1
| #define HAVE_STDINT_H 1
| #define HAVE_UNISTD_H 1
| #define HAVE_OPENGL_GL_H 1
| /* end confdefs.h.  */
| 
| # if defined(HAVE_WINDOWS_H) && defined(_WIN32)
| #   include <windows.h>
| # endif
| # ifdef HAVE_GL_GL_H
| #   include <GL/gl.h>
| # elif defined(HAVE_OPENGL_GL_H)
| #   include <OpenGL/gl.h>
| # else
| #   error no gl.h
| # endif
| int
| main ()
| {
| glBegin(0)
|   ;
|   return 0;
| }
configure:4759: gcc -o conftest -g -O2     -dylib_file /System/Library/Frameworks/OpenGL.framework/Versions/A/Libraries/libGL.dylib:/System/Library/Frameworks/OpenGL.framework/Versions/A/Libraries/libGL.dylib conftest.c -lopengl32  >&5
ld: library not found for -lopengl32
clang: error: linker command failed with exit code 1 (use -v to see invocation)
configure:4759: $? = 1
configure: failed program was:
| /* confdefs.h */
| #define PACKAGE_NAME "sisg-mcmc-computer-demos"
| #define PACKAGE_TARNAME "sisg-mcmc-computer-demos"
| #define PACKAGE_VERSION "2.0"
| #define PACKAGE_STRING "sisg-mcmc-computer-demos 2.0"
| #define PACKAGE_BUGREPORT ""
| #define PACKAGE_URL ""
| #define PACKAGE "sisg-mcmc-computer-demos"
| #define VERSION "2.0"
| #define STDC_HEADERS 1
| #define HAVE_SYS_TYPES_H 1
| #define HAVE_SYS_STAT_H 1
| #define HAVE_STDLIB_H 1
| #define HAVE_STRING_H 1
| #define HAVE_MEMORY_H 1
| #define HAVE_STRINGS_H 1
| #define HAVE_INTTYPES_H 1
| #define HAVE_STDINT_H 1
| #define HAVE_UNISTD_H 1
| #define HAVE_OPENGL_GL_H 1
| /* end confdefs.h.  */
| 
| # if defined(HAVE_WINDOWS_H) && defined(_WIN32)
| #   include <windows.h>
| # endif
| # ifdef HAVE_GL_GL_H
| #   include <GL/gl.h>
| # elif defined(HAVE_OPENGL_GL_H)
| #   include <OpenGL/gl.h>
| # else
| #   error no gl.h
| # endif
| int
| main ()
| {
| glBegin(0)
|   ;
|   return 0;
| }
configure:4733: gcc -o conftest -g -O2     conftest.c -lGL  >&5
ld: library not found for -lGL
clang: error: linker command failed with exit code 1 (use -v to see invocation)
configure:4733: $? = 1
configure: failed program was:
| /* confdefs.h */
| #define PACKAGE_NAME "sisg-mcmc-computer-demos"
| #define PACKAGE_TARNAME "sisg-mcmc-computer-demos"
| #define PACKAGE_VERSION "2.0"
| #define PACKAGE_STRING "sisg-mcmc-computer-demos 2.0"
| #define PACKAGE_BUGREPORT ""
| #define PACKAGE_URL ""
| #define PACKAGE "sisg-mcmc-computer-demos"
| #define VERSION "2.0"
| #define STDC_HEADERS 1
| #define HAVE_SYS_TYPES_H 1
| #define HAVE_SYS_STAT_H 1
| #define HAVE_STDLIB_H 1
| #define HAVE_STRING_H 1
| #define HAVE_MEMORY_H 1
| #define HAVE_STRINGS_H 1
| #define HAVE_INTTYPES_H 1
| #define HAVE_STDINT_H 1
| #define HAVE_UNISTD_H 1
| #define HAVE_OPENGL_GL_H 1
| /* end confdefs.h.  */
| 
| # if defined(HAVE_WINDOWS_H) && defined(_WIN32)
| #   include <windows.h>
| # endif
| # ifdef HAVE_GL_GL_H
| #   include <GL/gl.h>
| # elif defined(HAVE_OPENGL_GL_H)
| #   include <OpenGL/gl.h>
| # else
| #   error no gl.h
| # endif
| int
| main ()
| {
| glBegin(0)
|   ;
|   return 0;
| }
configure:4759: gcc -o conftest -g -O2     -dylib_file /System/Library/Frameworks/OpenGL.framework/Versions/A/Libraries/libGL.dylib:/System/Library/Frameworks/OpenGL.framework/Versions/A/Libraries/libGL.dylib conftest.c -lGL  >&5
ld: library not found for -lGL
clang: error: linker command failed with exit code 1 (use -v to see invocation)
configure:4759: $? = 1
configure: failed program was:
| /* confdefs.h */
| #define PACKAGE_NAME "sisg-mcmc-computer-demos"
| #define PACKAGE_TARNAME "sisg-mcmc-computer-demos"
| #define PACKAGE_VERSION "2.0"
| #define PACKAGE_STRING "sisg-mcmc-computer-demos 2.0"
| #define PACKAGE_BUGREPORT ""
| #define PACKAGE_URL ""
| #define PACKAGE "sisg-mcmc-computer-demos"
| #define VERSION "2.0"
| #define STDC_HEADERS 1
| #define HAVE_SYS_TYPES_H 1
| #define HAVE_SYS_STAT_H 1
| #define HAVE_STDLIB_H 1
| #define HAVE_STRING_H 1
| #define HAVE_MEMORY_H 1
| #define HAVE_STRINGS_H 1
| #define HAVE_INTTYPES_H 1
| #define HAVE_STDINT_H 1
| #define HAVE_UNISTD_H 1
| #define HAVE_OPENGL_GL_H 1
| /* end confdefs.h.  */
| 
| # if defined(HAVE_WINDOWS_H) && defined(_WIN32)
| #   include <windows.h>
| # endif
| # ifdef HAVE_GL_GL_H
| #   include <GL/gl.h>
| # elif defined(HAVE_OPENGL_GL_H)
| #   include <OpenGL/gl.h>
| # else
| #   error no gl.h
| # endif
| int
| main ()
| {
| glBegin(0)
|   ;
|   return 0;
| }
configure:4833: gcc -o conftest -g -O2    -framework OpenGL conftest.c  >&5
configure:4833: $? = 0
configure:4843: result: -framework OpenGL
configure:4919: checking for g++
configure:4935: found /usr/bin/g++
configure:4946: result: g++
configure:4973: checking for C++ compiler version
configure:4982: g++ --version >&5
Apple LLVM version 5.1 (clang-503.0.40) (based on LLVM 3.4svn)
Target: x86_64-apple-darwin13.1.0
Thread model: posix
Configured with: --prefix=/Applications/Xcode.app/Contents/Developer/usr --with-gxx-include-dir=/usr/include/c++/4.2.1
configure:4993: $? = 0
configure:4982: g++ -v >&5
Configured with: --prefix=/Applications/Xcode.app/Contents/Developer/usr --with-gxx-include-dir=/usr/include/c++/4.2.1
Apple LLVM version 5.1 (clang-503.0.40) (based on LLVM 3.4svn)
Target: x86_64-apple-darwin13.1.0
Thread model: posix
configure:4993: $? = 0
configure:4982: g++ -V >&5
clang: error: argument to '-V' is missing (expected 1 value)
clang: error: no input files
configure:4993: $? = 1
configure:4982: g++ -qversion >&5
clang: error: unknown argument: '-qversion' [-Wunused-command-line-argument-hard-error-in-future]
clang: note: this will be a hard error (cannot be downgraded to a warning) in the future
clang: error: no input files
configure:4993: $? = 1
configure:4997: checking whether we are using the GNU C++ compiler
configure:5016: g++ -c   conftest.cpp >&5
configure:5016: $? = 0
configure:5025: result: yes
configure:5034: checking whether g++ accepts -g
configure:5054: g++ -c -g  conftest.cpp >&5
configure:5054: $? = 0
configure:5095: result: yes
configure:5120: checking dependency style of g++
configure:5231: result: gcc3
configure:5254: checking for GL/glu.h
configure:5254: gcc -c -g -O2   conftest.c >&5
conftest.c:28:10: fatal error: 'GL/glu.h' file not found
#include <GL/glu.h>
         ^
1 error generated.
configure:5254: $? = 1
configure: failed program was:
| /* confdefs.h */
| #define PACKAGE_NAME "sisg-mcmc-computer-demos"
| #define PACKAGE_TARNAME "sisg-mcmc-computer-demos"
| #define PACKAGE_VERSION "2.0"
| #define PACKAGE_STRING "sisg-mcmc-computer-demos 2.0"
| #define PACKAGE_BUGREPORT ""
| #define PACKAGE_URL ""
| #define PACKAGE "sisg-mcmc-computer-demos"
| #define VERSION "2.0"
| #define STDC_HEADERS 1
| #define HAVE_SYS_TYPES_H 1
| #define HAVE_SYS_STAT_H 1
| #define HAVE_STDLIB_H 1
| #define HAVE_STRING_H 1
| #define HAVE_MEMORY_H 1
| #define HAVE_STRINGS_H 1
| #define HAVE_INTTYPES_H 1
| #define HAVE_STDINT_H 1
| #define HAVE_UNISTD_H 1
| #define HAVE_OPENGL_GL_H 1
| /* end confdefs.h.  */
| 
| # if defined(HAVE_WINDOWS_H) && defined(_WIN32)
| #   include <windows.h>
| # endif
| 
| 
| #include <GL/glu.h>
configure:5254: result: no
configure:5254: checking for OpenGL/glu.h
configure:5254: gcc -c -g -O2   conftest.c >&5
configure:5254: $? = 0
configure:5254: result: yes
configure:5273: checking for OpenGL Utility library
configure:5330: g++ -o conftest -g -O2    -framework OpenGL  conftest.cpp  >&5
conftest.cpp:37:1: warning: 'gluBeginCurve' is deprecated: first deprecated in OS X 10.9 [-Wdeprecated-declarations]
gluBeginCurve(0)
^
/System/Library/Frameworks/OpenGL.framework/Headers/glu.h:240:13: note: 'gluBeginCurve' declared here
extern void gluBeginCurve (GLUnurbs* nurb) OPENGL_DEPRECATED(10_0, 10_9);
            ^
1 warning generated.
configure:5330: $? = 0
configure:5391: result: yes
configure:5410: checking for varargs GLU tesselator callback function type
configure:5440: g++ -c  -g -O2  conftest.cpp >&5
conftest.cpp:32:22: error: no matching function for call to 'gluTessCallback'
GLvoid (*func)(...); gluTessCallback(0, 0, func)
                     ^~~~~~~~~~~~~~~
/System/Library/Frameworks/OpenGL.framework/Headers/glu.h:291:13: note: candidate function not viable: no known conversion from 'GLvoid (*)(...)' to 'GLvoid (*)()' for 3rd argument
extern void gluTessCallback (GLUtesselator* tess, GLenum which, GLvoid (*CallBackFunc)()) OPENGL_DEPRECATED(10_0, 10_9);
            ^
1 error generated.
configure:5440: $? = 1
configure: failed program was:
| /* confdefs.h */
| #define PACKAGE_NAME "sisg-mcmc-computer-demos"
| #define PACKAGE_TARNAME "sisg-mcmc-computer-demos"
| #define PACKAGE_VERSION "2.0"
| #define PACKAGE_STRING "sisg-mcmc-computer-demos 2.0"
| #define PACKAGE_BUGREPORT ""
| #define PACKAGE_URL ""
| #define PACKAGE "sisg-mcmc-computer-demos"
| #define VERSION "2.0"
| #define STDC_HEADERS 1
| #define HAVE_SYS_TYPES_H 1
| #define HAVE_SYS_STAT_H 1
| #define HAVE_STDLIB_H 1
| #define HAVE_STRING_H 1
| #define HAVE_MEMORY_H 1
| #define HAVE_STRINGS_H 1
| #define HAVE_INTTYPES_H 1
| #define HAVE_STDINT_H 1
| #define HAVE_UNISTD_H 1
| #define HAVE_OPENGL_GL_H 1
| #define HAVE_OPENGL_GLU_H 1
| /* end confdefs.h.  */
| 
| # ifdef HAVE_GL_GLU_H
| #   include <GL/glu.h>
| # else
| #   include <OpenGL/glu.h>
| # endif
| int
| main ()
| {
| GLvoid (*func)(...); gluTessCallback(0, 0, func)
|   ;
|   return 0;
| }
configure:5452: result: no
configure:5963: checking for XmuScreenOfWindow in -lXmu
configure:5988: gcc -o conftest -g -O2   conftest.c -lXmu     >&5
ld: library not found for -lXmu
clang: error: linker command failed with exit code 1 (use -v to see invocation)
configure:5988: $? = 1
configure: failed program was:
| /* confdefs.h */
| #define PACKAGE_NAME "sisg-mcmc-computer-demos"
| #define PACKAGE_TARNAME "sisg-mcmc-computer-demos"
| #define PACKAGE_VERSION "2.0"
| #define PACKAGE_STRING "sisg-mcmc-computer-demos 2.0"
| #define PACKAGE_BUGREPORT ""
| #define PACKAGE_URL ""
| #define PACKAGE "sisg-mcmc-computer-demos"
| #define VERSION "2.0"
| #define STDC_HEADERS 1
| #define HAVE_SYS_TYPES_H 1
| #define HAVE_SYS_STAT_H 1
| #define HAVE_STDLIB_H 1
| #define HAVE_STRING_H 1
| #define HAVE_MEMORY_H 1
| #define HAVE_STRINGS_H 1
| #define HAVE_INTTYPES_H 1
| #define HAVE_STDINT_H 1
| #define HAVE_UNISTD_H 1
| #define HAVE_OPENGL_GL_H 1
| #define HAVE_OPENGL_GLU_H 1
| #define X_DISPLAY_MISSING 1
| /* end confdefs.h.  */
| 
| /* Override any GCC internal prototype to avoid an error.
|    Use char because int might match the return type of a GCC
|    builtin and then its argument prototype would still apply.  */
| #ifdef __cplusplus
| extern "C"
| #endif
| char XmuScreenOfWindow ();
| int
| main ()
| {
| return XmuScreenOfWindow ();
|   ;
|   return 0;
| }
configure:5997: result: no
configure:6003: checking for XIQueryVersion in -lXi
configure:6028: gcc -o conftest -g -O2   conftest.c -lXi     >&5
ld: library not found for -lXi
clang: error: linker command failed with exit code 1 (use -v to see invocation)
configure:6028: $? = 1
configure: failed program was:
| /* confdefs.h */
| #define PACKAGE_NAME "sisg-mcmc-computer-demos"
| #define PACKAGE_TARNAME "sisg-mcmc-computer-demos"
| #define PACKAGE_VERSION "2.0"
| #define PACKAGE_STRING "sisg-mcmc-computer-demos 2.0"
| #define PACKAGE_BUGREPORT ""
| #define PACKAGE_URL ""
| #define PACKAGE "sisg-mcmc-computer-demos"
| #define VERSION "2.0"
| #define STDC_HEADERS 1
| #define HAVE_SYS_TYPES_H 1
| #define HAVE_SYS_STAT_H 1
| #define HAVE_STDLIB_H 1
| #define HAVE_STRING_H 1
| #define HAVE_MEMORY_H 1
| #define HAVE_STRINGS_H 1
| #define HAVE_INTTYPES_H 1
| #define HAVE_STDINT_H 1
| #define HAVE_UNISTD_H 1
| #define HAVE_OPENGL_GL_H 1
| #define HAVE_OPENGL_GLU_H 1
| #define X_DISPLAY_MISSING 1
| /* end confdefs.h.  */
| 
| /* Override any GCC internal prototype to avoid an error.
|    Use char because int might match the return type of a GCC
|    builtin and then its argument prototype would still apply.  */
| #ifdef __cplusplus
| extern "C"
| #endif
| char XIQueryVersion ();
| int
| main ()
| {
| return XIQueryVersion ();
|   ;
|   return 0;
| }
configure:6037: result: no
configure:6055: checking GL/glut.h usability
configure:6055: gcc -c -g -O2   conftest.c >&5
conftest.c:57:10: fatal error: 'GL/glut.h' file not found
#include <GL/glut.h>
         ^
1 error generated.
configure:6055: $? = 1
configure: failed program was:
| /* confdefs.h */
| #define PACKAGE_NAME "sisg-mcmc-computer-demos"
| #define PACKAGE_TARNAME "sisg-mcmc-computer-demos"
| #define PACKAGE_VERSION "2.0"
| #define PACKAGE_STRING "sisg-mcmc-computer-demos 2.0"
| #define PACKAGE_BUGREPORT ""
| #define PACKAGE_URL ""
| #define PACKAGE "sisg-mcmc-computer-demos"
| #define VERSION "2.0"
| #define STDC_HEADERS 1
| #define HAVE_SYS_TYPES_H 1
| #define HAVE_SYS_STAT_H 1
| #define HAVE_STDLIB_H 1
| #define HAVE_STRING_H 1
| #define HAVE_MEMORY_H 1
| #define HAVE_STRINGS_H 1
| #define HAVE_INTTYPES_H 1
| #define HAVE_STDINT_H 1
| #define HAVE_UNISTD_H 1
| #define HAVE_OPENGL_GL_H 1
| #define HAVE_OPENGL_GLU_H 1
| #define X_DISPLAY_MISSING 1
| /* end confdefs.h.  */
| #include <stdio.h>
| #ifdef HAVE_SYS_TYPES_H
| # include <sys/types.h>
| #endif
| #ifdef HAVE_SYS_STAT_H
| # include <sys/stat.h>
| #endif
| #ifdef STDC_HEADERS
| # include <stdlib.h>
| # include <stddef.h>
| #else
| # ifdef HAVE_STDLIB_H
| #  include <stdlib.h>
| # endif
| #endif
| #ifdef HAVE_STRING_H
| # if !defined STDC_HEADERS && defined HAVE_MEMORY_H
| #  include <memory.h>
| # endif
| # include <string.h>
| #endif
| #ifdef HAVE_STRINGS_H
| # include <strings.h>
| #endif
| #ifdef HAVE_INTTYPES_H
| # include <inttypes.h>
| #endif
| #ifdef HAVE_STDINT_H
| # include <stdint.h>
| #endif
| #ifdef HAVE_UNISTD_H
| # include <unistd.h>
| #endif
| #include <GL/glut.h>
configure:6055: result: no
configure:6055: checking GL/glut.h presence
configure:6055: gcc -E   conftest.c
conftest.c:24:10: fatal error: 'GL/glut.h' file not found
#include <GL/glut.h>
         ^
1 error generated.
configure:6055: $? = 1
configure: failed program was:
| /* confdefs.h */
| #define PACKAGE_NAME "sisg-mcmc-computer-demos"
| #define PACKAGE_TARNAME "sisg-mcmc-computer-demos"
| #define PACKAGE_VERSION "2.0"
| #define PACKAGE_STRING "sisg-mcmc-computer-demos 2.0"
| #define PACKAGE_BUGREPORT ""
| #define PACKAGE_URL ""
| #define PACKAGE "sisg-mcmc-computer-demos"
| #define VERSION "2.0"
| #define STDC_HEADERS 1
| #define HAVE_SYS_TYPES_H 1
| #define HAVE_SYS_STAT_H 1
| #define HAVE_STDLIB_H 1
| #define HAVE_STRING_H 1
| #define HAVE_MEMORY_H 1
| #define HAVE_STRINGS_H 1
| #define HAVE_INTTYPES_H 1
| #define HAVE_STDINT_H 1
| #define HAVE_UNISTD_H 1
| #define HAVE_OPENGL_GL_H 1
| #define HAVE_OPENGL_GLU_H 1
| #define X_DISPLAY_MISSING 1
| /* end confdefs.h.  */
| #include <GL/glut.h>
configure:6055: result: no
configure:6055: checking for GL/glut.h
configure:6055: result: no
configure:6055: checking GLUT/glut.h usability
configure:6055: gcc -c -g -O2   conftest.c >&5
configure:6055: $? = 0
configure:6055: result: yes
configure:6055: checking GLUT/glut.h presence
configure:6055: gcc -E   conftest.c
configure:6055: $? = 0
configure:6055: result: yes
configure:6055: checking for GLUT/glut.h
configure:6055: result: yes
configure:6071: checking for GLUT library
configure:6123: gcc -o conftest -g -O2    conftest.c -lglut32   >&5
conftest.c:39:1: warning: 'glutMainLoop' is deprecated: first deprecated in OS X 10.9 [-Wdeprecated-declarations]
glutMainLoop()
^
/System/Library/Frameworks/GLUT.framework/Headers/glut.h:438:22: note: 'glutMainLoop' declared here
extern void APIENTRY glutMainLoop(void) OPENGL_DEPRECATED(10_0, 10_9);
                     ^
1 warning generated.
ld: library not found for -lglut32
clang: error: linker command failed with exit code 1 (use -v to see invocation)
configure:6123: $? = 1
configure: failed program was:
| /* confdefs.h */
| #define PACKAGE_NAME "sisg-mcmc-computer-demos"
| #define PACKAGE_TARNAME "sisg-mcmc-computer-demos"
| #define PACKAGE_VERSION "2.0"
| #define PACKAGE_STRING "sisg-mcmc-computer-demos 2.0"
| #define PACKAGE_BUGREPORT ""
| #define PACKAGE_URL ""
| #define PACKAGE "sisg-mcmc-computer-demos"
| #define VERSION "2.0"
| #define STDC_HEADERS 1
| #define HAVE_SYS_TYPES_H 1
| #define HAVE_SYS_STAT_H 1
| #define HAVE_STDLIB_H 1
| #define HAVE_STRING_H 1
| #define HAVE_MEMORY_H 1
| #define HAVE_STRINGS_H 1
| #define HAVE_INTTYPES_H 1
| #define HAVE_STDINT_H 1
| #define HAVE_UNISTD_H 1
| #define HAVE_OPENGL_GL_H 1
| #define HAVE_OPENGL_GLU_H 1
| #define X_DISPLAY_MISSING 1
| #define HAVE_GLUT_GLUT_H 1
| /* end confdefs.h.  */
| 
| # if HAVE_WINDOWS_H && defined(_WIN32)
| #   include <windows.h>
| # endif
| # ifdef HAVE_GL_GLUT_H
| #   include <GL/glut.h>
| # elif defined(HAVE_GLUT_GLUT_H)
| #   include <GLUT/glut.h>
| # else
| #   error no glut.h
| # endif
| int
| main ()
| {
| glutMainLoop()
|   ;
|   return 0;
| }
configure:6123: gcc -o conftest -g -O2    conftest.c -lglut   >&5
conftest.c:39:1: warning: 'glutMainLoop' is deprecated: first deprecated in OS X 10.9 [-Wdeprecated-declarations]
glutMainLoop()
^
/System/Library/Frameworks/GLUT.framework/Headers/glut.h:438:22: note: 'glutMainLoop' declared here
extern void APIENTRY glutMainLoop(void) OPENGL_DEPRECATED(10_0, 10_9);
                     ^
1 warning generated.
ld: library not found for -lglut
clang: error: linker command failed with exit code 1 (use -v to see invocation)
configure:6123: $? = 1
configure: failed program was:
| /* confdefs.h */
| #define PACKAGE_NAME "sisg-mcmc-computer-demos"
| #define PACKAGE_TARNAME "sisg-mcmc-computer-demos"
| #define PACKAGE_VERSION "2.0"
| #define PACKAGE_STRING "sisg-mcmc-computer-demos 2.0"
| #define PACKAGE_BUGREPORT ""
| #define PACKAGE_URL ""
| #define PACKAGE "sisg-mcmc-computer-demos"
| #define VERSION "2.0"
| #define STDC_HEADERS 1
| #define HAVE_SYS_TYPES_H 1
| #define HAVE_SYS_STAT_H 1
| #define HAVE_STDLIB_H 1
| #define HAVE_STRING_H 1
| #define HAVE_MEMORY_H 1
| #define HAVE_STRINGS_H 1
| #define HAVE_INTTYPES_H 1
| #define HAVE_STDINT_H 1
| #define HAVE_UNISTD_H 1
| #define HAVE_OPENGL_GL_H 1
| #define HAVE_OPENGL_GLU_H 1
| #define X_DISPLAY_MISSING 1
| #define HAVE_GLUT_GLUT_H 1
| /* end confdefs.h.  */
| 
| # if HAVE_WINDOWS_H && defined(_WIN32)
| #   include <windows.h>
| # endif
| # ifdef HAVE_GL_GLUT_H
| #   include <GL/glut.h>
| # elif defined(HAVE_GLUT_GLUT_H)
| #   include <GLUT/glut.h>
| # else
| #   error no glut.h
| # endif
| int
| main ()
| {
| glutMainLoop()
|   ;
|   return 0;
| }
configure:6154: gcc -o conftest -g -O2    -framework GLUT conftest.c  >&5
conftest.c:39:1: warning: 'glutMainLoop' is deprecated: first deprecated in OS X 10.9 [-Wdeprecated-declarations]
glutMainLoop()
^
/System/Library/Frameworks/GLUT.framework/Headers/glut.h:438:22: note: 'glutMainLoop' declared here
extern void APIENTRY glutMainLoop(void) OPENGL_DEPRECATED(10_0, 10_9);
                     ^
1 warning generated.
configure:6154: $? = 0
configure:6170: result: -framework GLUT
configure:6225: checking for ranlib
configure:6241: found /usr/bin/ranlib
configure:6252: result: ranlib
configure:6322: checking for gcc
configure:6349: result: gcc
configure:6578: checking for C compiler version
configure:6587: gcc --version >&5
Apple LLVM version 5.1 (clang-503.0.40) (based on LLVM 3.4svn)
Target: x86_64-apple-darwin13.1.0
Thread model: posix
Configured with: --prefix=/Applications/Xcode.app/Contents/Developer/usr --with-gxx-include-dir=/usr/include/c++/4.2.1
configure:6598: $? = 0
configure:6587: gcc -v >&5
Configured with: --prefix=/Applications/Xcode.app/Contents/Developer/usr --with-gxx-include-dir=/usr/include/c++/4.2.1
Apple LLVM version 5.1 (clang-503.0.40) (based on LLVM 3.4svn)
Target: x86_64-apple-darwin13.1.0
Thread model: posix
configure:6598: $? = 0
configure:6587: gcc -V >&5
clang: error: argument to '-V' is missing (expected 1 value)
clang: error: no input files
configure:6598: $? = 1
configure:6587: gcc -qversion >&5
clang: error: unknown argument: '-qversion' [-Wunused-command-line-argument-hard-error-in-future]
clang: note: this will be a hard error (cannot be downgraded to a warning) in the future
clang: error: no input files
configure:6598: $? = 1
configure:6602: checking whether we are using the GNU C compiler
configure:6630: result: yes
configure:6639: checking whether gcc accepts -g
configure:6700: result: yes
configure:6717: checking for gcc option to accept ISO C89
configure:6793: result: none needed
configure:6818: checking whether gcc understands -c and -o together
configure:6855: result: yes
configure:6874: checking dependency style of gcc
configure:6985: result: gcc3
configure:7153: checking that generated files are newer than configure
configure:7159: result: done
configure:7190: creating ./config.status

## ---------------- ##
## Cache variables. ##
## ---------------- ##

ac_cv_build=x86_64-apple-darwin13.1.0
ac_cv_c_compiler_gnu=yes
ac_cv_cxx_compiler_gnu=yes
ac_cv_env_CCC_set=
ac_cv_env_CCC_value=
ac_cv_env_CC_set=
ac_cv_env_CC_value=
ac_cv_env_CFLAGS_set=
ac_cv_env_CFLAGS_value=
ac_cv_env_CPPFLAGS_set=
ac_cv_env_CPPFLAGS_value=
ac_cv_env_CPP_set=
ac_cv_env_CPP_value=
ac_cv_env_CXXFLAGS_set=
ac_cv_env_CXXFLAGS_value=
ac_cv_env_CXX_set=
ac_cv_env_CXX_value=
ac_cv_env_LDFLAGS_set=
ac_cv_env_LDFLAGS_value=
ac_cv_env_LIBS_set=
ac_cv_env_LIBS_value=
ac_cv_env_XMKMF_set=
ac_cv_env_XMKMF_value=
ac_cv_env_build_alias_set=
ac_cv_env_build_alias_value=
ac_cv_env_host_alias_set=
ac_cv_env_host_alias_value=
ac_cv_env_target_alias_set=
ac_cv_env_target_alias_value=
ac_cv_header_GLUT_glut_h=yes
ac_cv_header_GL_gl_h=no
ac_cv_header_GL_glu_h=no
ac_cv_header_GL_glut_h=no
ac_cv_header_OpenGL_gl_h=yes
ac_cv_header_OpenGL_glu_h=yes
ac_cv_header_inttypes_h=yes
ac_cv_header_memory_h=yes
ac_cv_header_stdc=yes
ac_cv_header_stdint_h=yes
ac_cv_header_stdlib_h=yes
ac_cv_header_string_h=yes
ac_cv_header_strings_h=yes
ac_cv_header_sys_stat_h=yes
ac_cv_header_sys_types_h=yes
ac_cv_header_unistd_h=yes
ac_cv_header_windows_h=no
ac_cv_host=x86_64-apple-darwin13.1.0
ac_cv_lib_Xi_XIQueryVersion=no
ac_cv_lib_Xmu_XmuScreenOfWindow=no
ac_cv_objext=o
ac_cv_path_EGREP='/usr/bin/grep -E'
ac_cv_path_GREP=/usr/bin/grep
ac_cv_path_SED=/usr/bin/sed
ac_cv_path_install='/usr/bin/install -c'
ac_cv_prog_AWK=awk
ac_cv_prog_CPP='gcc -E'
ac_cv_prog_ac_ct_CC=gcc
ac_cv_prog_ac_ct_CXX=g++
ac_cv_prog_ac_ct_RANLIB=ranlib
ac_cv_prog_cc_c89=
ac_cv_prog_cc_g=yes
ac_cv_prog_cxx_g=yes
ac_cv_prog_make_make_set=yes
am_cv_CC_dependencies_compiler_type=gcc3
am_cv_CXX_dependencies_compiler_type=gcc3
am_cv_make_support_nested_variables=yes
am_cv_prog_cc_c_o=yes
ax_cv_c_compiler_ms=no
ax_cv_check_gl_libgl='-framework OpenGL'
ax_cv_check_glu_libglu=yes
ax_cv_check_glut_libglut='-framework GLUT'
ax_cv_varargs_glu_tesscb=no

## ----------------- ##
## Output variables. ##
## ----------------- ##

ACLOCAL='${SHELL} /Users/eriq/Documents/git-repos/sisg_mcmc_course/computer-demos/missing aclocal-1.14'
AMDEPBACKSLASH='\'
AMDEP_FALSE='#'
AMDEP_TRUE=''
AMTAR='$${TAR-tar}'
AM_BACKSLASH='\'
AM_DEFAULT_V='$(AM_DEFAULT_VERBOSITY)'
AM_DEFAULT_VERBOSITY='1'
AM_V='$(V)'
AUTOCONF='${SHELL} /Users/eriq/Documents/git-repos/sisg_mcmc_course/computer-demos/missing autoconf'
AUTOHEADER='${SHELL} /Users/eriq/Documents/git-repos/sisg_mcmc_course/computer-demos/missing autoheader'
AUTOMAKE='${SHELL} /Users/eriq/Documents/git-repos/sisg_mcmc_course/computer-demos/missing automake-1.14'
AWK='awk'
CC='gcc'
CCDEPMODE='depmode=gcc3'
CFLAGS='-g -O2'
CPP='gcc -E'
CPPFLAGS=''
CXX='g++'
CXXDEPMODE='depmode=gcc3'
CXXFLAGS='-g -O2'
CYGPATH_W='echo'
DEFS='-DPACKAGE_NAME=\"sisg-mcmc-computer-demos\" -DPACKAGE_TARNAME=\"sisg-mcmc-computer-demos\" -DPACKAGE_VERSION=\"2.0\" -DPACKAGE_STRING=\"sisg-mcmc-computer-demos\ 2.0\" -DPACKAGE_BUGREPORT=\"\" -DPACKAGE_URL=\"\" -DPACKAGE=\"sisg-mcmc-computer-demos\" -DVERSION=\"2.0\" -DSTDC_HEADERS=1 -DHAVE_SYS_TYPES_H=1 -DHAVE_SYS_STAT_H=1 -DHAVE_STDLIB_H=1 -DHAVE_STRING_H=1 -DHAVE_MEMORY_H=1 -DHAVE_STRINGS_H=1 -DHAVE_INTTYPES_H=1 -DHAVE_STDINT_H=1 -DHAVE_UNISTD_H=1 -DHAVE_OPENGL_GL_H=1 -DHAVE_OPENGL_GLU_H=1 -DX_DISPLAY_MISSING=1 -DHAVE_GLUT_GLUT_H=1'
DEPDIR='.deps'
ECHO_C='\c'
ECHO_N=''
ECHO_T=''
EGREP='/usr/bin/grep -E'
EXEEXT=''
GLUT_CFLAGS=''
GLUT_LIBS='-framework GLUT'
GLU_CFLAGS=''
GLU_LIBS=''
GL_CFLAGS=''
GL_LIBS='-framework OpenGL '
GREP='/usr/bin/grep'
INSTALL_DATA='${INSTALL} -m 644'
INSTALL_PROGRAM='${INSTALL}'
INSTALL_SCRIPT='${INSTALL}'
INSTALL_STRIP_PROGRAM='$(install_sh) -c -s'
LDFLAGS=''
LIBOBJS=''
LIBS=''
LTLIBOBJS=''
MAKEINFO='${SHELL} /Users/eriq/Documents/git-repos/sisg_mcmc_course/computer-demos/missing makeinfo'
MKDIR_P='./install-sh -c -d'
OBJEXT='o'
PACKAGE='sisg-mcmc-computer-demos'
PACKAGE_BUGREPORT=''
PACKAGE_NAME='sisg-mcmc-computer-demos'
PACKAGE_STRING='sisg-mcmc-computer-demos 2.0'
PACKAGE_TARNAME='sisg-mcmc-computer-demos'
PACKAGE_URL=''
PACKAGE_VERSION='2.0'
PATH_SEPARATOR=':'
RANLIB='ranlib'
SED='/usr/bin/sed'
SET_MAKE=''
SHELL='/bin/sh'
STRIP=''
VERSION='2.0'
XMKMF=''
X_CFLAGS=''
X_EXTRA_LIBS=''
X_LIBS=''
X_PRE_LIBS=''
ac_ct_CC='gcc'
ac_ct_CXX='g++'
am__EXEEXT_FALSE=''
am__EXEEXT_TRUE='#'
am__fastdepCC_FALSE='#'
am__fastdepCC_TRUE=''
am__fastdepCXX_FALSE='#'
am__fastdepCXX_TRUE=''
am__include='include'
am__isrc=''
am__leading_dot='.'
am__nodep='_no'
am__quote=''
am__tar='$${TAR-tar} chof - "$$tardir"'
am__untar='$${TAR-tar} xf -'
bindir='${exec_prefix}/bin'
build='x86_64-apple-darwin13.1.0'
build_alias=''
build_cpu='x86_64'
build_os='darwin13.1.0'
build_vendor='apple'
datadir='${datarootdir}'
datarootdir='${prefix}/share'
docdir='${datarootdir}/doc/${PACKAGE_TARNAME}'
dvidir='${docdir}'
exec_prefix='${prefix}'
host='x86_64-apple-darwin13.1.0'
host_alias=''
host_cpu='x86_64'
host_os='darwin13.1.0'
host_vendor='apple'
htmldir='${docdir}'
includedir='${prefix}/include'
infodir='${datarootdir}/info'
install_sh='${SHELL} /Users/eriq/Documents/git-repos/sisg_mcmc_course/computer-demos/install-sh'
libdir='${exec_prefix}/lib'
libexecdir='${exec_prefix}/libexec'
localedir='${datarootdir}/locale'
localstatedir='${prefix}/var'
mandir='${datarootdir}/man'
mkdir_p='$(MKDIR_P)'
oldincludedir='/usr/include'
pdfdir='${docdir}'
prefix='/usr/local'
program_transform_name='s,x,x,'
psdir='${docdir}'
sbindir='${exec_prefix}/sbin'
sharedstatedir='${prefix}/com'
subdirs=' eca-shared'
sysconfdir='${prefix}/etc'
target_alias=''

## ----------- ##
## confdefs.h. ##
## ----------- ##

/* confdefs.h */
#define PACKAGE_NAME "sisg-mcmc-computer-demos"
#define PACKAGE_TARNAME "sisg-mcmc-computer-demos"
#define PACKAGE_VERSION "2.0"
#define PACKAGE_STRING "sisg-mcmc-computer-demos 2.0"
#define PACKAGE_BUGREPORT ""
#define PACKAGE_URL ""
#define PACKAGE "sisg-mcmc-computer-demos"
#define VERSION "2.0"
#define STDC_HEADERS 1
#define HAVE_SYS_TYPES_H 1
#define HAVE_SYS_STAT_H 1
#define HAVE_STDLIB_H 1
#define HAVE_STRING_H 1
#define HAVE_MEMORY_H 1
#define HAVE_STRINGS_H 1
#define HAVE_INTTYPES_H 1
#define HAVE_STDINT_H 1
#define HAVE_UNISTD_H 1
#define HAVE_OPENGL_GL_H 1
#define HAVE_OPENGL_GLU_H 1
#define X_DISPLAY_MISSING 1
#define HAVE_GLUT_GLUT_H 1

configure: exit 0

## ---------------------- ##
## Running config.status. ##
## ---------------------- ##

This file was extended by sisg-mcmc-computer-demos config.status 2.0, which was
generated by GNU Autoconf 2.69.  Invocation command line was

  CONFIG_FILES    = 
  CONFIG_HEADERS  = 
  CONFIG_LINKS    = 
  CONFIG_COMMANDS = 
  $ ./config.status 

on theseus.nmfs.local

config.status:805: creating Makefile
config.status:977: executing depfiles commands
